TN:
SF:src/ejercicio-PE101.ts
FN:15,(anonymous_0)
FN:19,(anonymous_1)
FN:33,(anonymous_2)
FN:48,(anonymous_3)
FN:49,(anonymous_4)
FN:50,(anonymous_5)
FN:51,(anonymous_6)
FN:58,(anonymous_7)
FN:65,(anonymous_8)
FN:75,(anonymous_9)
FN:76,(anonymous_10)
FN:80,(anonymous_11)
FN:92,(anonymous_12)
FN:108,(anonymous_13)
FN:115,(anonymous_14)
FN:125,(anonymous_15)
FN:126,(anonymous_16)
FN:130,(anonymous_17)
FN:142,(anonymous_18)
FN:158,(anonymous_19)
FN:165,(anonymous_20)
FN:175,(anonymous_21)
FN:176,(anonymous_22)
FN:181,(anonymous_23)
FN:193,(anonymous_24)
FN:210,(anonymous_25)
FN:217,(anonymous_26)
FN:227,(anonymous_27)
FN:228,(anonymous_28)
FN:233,(anonymous_29)
FN:245,(anonymous_30)
FNF:31
FNH:26
FNDA:4,(anonymous_0)
FNDA:0,(anonymous_1)
FNDA:1,(anonymous_2)
FNDA:0,(anonymous_3)
FNDA:0,(anonymous_4)
FNDA:0,(anonymous_5)
FNDA:0,(anonymous_6)
FNDA:1,(anonymous_7)
FNDA:2,(anonymous_8)
FNDA:1,(anonymous_9)
FNDA:1,(anonymous_10)
FNDA:5,(anonymous_11)
FNDA:1,(anonymous_12)
FNDA:1,(anonymous_13)
FNDA:2,(anonymous_14)
FNDA:1,(anonymous_15)
FNDA:1,(anonymous_16)
FNDA:5,(anonymous_17)
FNDA:1,(anonymous_18)
FNDA:1,(anonymous_19)
FNDA:2,(anonymous_20)
FNDA:1,(anonymous_21)
FNDA:1,(anonymous_22)
FNDA:5,(anonymous_23)
FNDA:1,(anonymous_24)
FNDA:1,(anonymous_25)
FNDA:2,(anonymous_26)
FNDA:1,(anonymous_27)
FNDA:1,(anonymous_28)
FNDA:5,(anonymous_29)
FNDA:1,(anonymous_30)
DA:9,1
DA:16,4
DA:20,0
DA:22,0
DA:24,0
DA:26,0
DA:34,1
DA:35,0
DA:38,1
DA:57,1
DA:59,1
DA:66,2
DA:68,2
DA:76,1
DA:77,1
DA:78,1
DA:80,1
DA:81,5
DA:84,1
DA:93,1
DA:94,1
DA:96,1
DA:97,5
DA:100,1
DA:107,1
DA:109,1
DA:116,2
DA:118,2
DA:126,1
DA:127,1
DA:128,1
DA:130,1
DA:131,5
DA:134,1
DA:143,1
DA:144,1
DA:146,1
DA:147,5
DA:150,1
DA:157,1
DA:159,1
DA:166,2
DA:168,2
DA:176,1
DA:177,1
DA:179,1
DA:181,1
DA:182,5
DA:185,1
DA:194,1
DA:196,1
DA:198,1
DA:199,5
DA:202,1
DA:209,1
DA:211,1
DA:218,2
DA:220,2
DA:228,1
DA:229,1
DA:231,1
DA:233,1
DA:234,5
DA:237,1
DA:246,1
DA:248,1
DA:250,1
DA:251,5
DA:254,1
LF:69
LH:64
BRDA:34,0,0,0
BRDA:34,0,1,1
BRF:2
BRH:1
end_of_record
TN:
SF:src/NoteOperations/utilities.ts
FN:8,(anonymous_6)
FN:9,(anonymous_7)
FNF:2
FNH:2
FNDA:1,(anonymous_6)
FNDA:5,(anonymous_7)
DA:4,1
DA:7,1
DA:10,5
DA:11,1
DA:12,4
DA:13,1
DA:14,3
DA:15,1
DA:16,2
DA:17,1
DA:20,1
LF:11
LH:11
BRDA:10,0,0,1
BRDA:10,0,1,4
BRDA:12,1,0,1
BRDA:12,1,1,3
BRDA:14,2,0,1
BRDA:14,2,1,2
BRDA:16,3,0,1
BRDA:16,3,1,1
BRF:8
BRH:8
end_of_record
