TN:
SF:src/ejercicio-PE101.ts
FN:15,(anonymous_0)
FN:19,(anonymous_1)
FN:35,(anonymous_2)
FN:50,(anonymous_3)
FN:51,(anonymous_4)
FN:52,(anonymous_5)
FN:53,(anonymous_6)
FN:60,(anonymous_7)
FN:67,(anonymous_8)
FN:77,(anonymous_9)
FN:78,(anonymous_10)
FN:82,(anonymous_11)
FN:94,(anonymous_12)
FN:110,(anonymous_13)
FN:117,(anonymous_14)
FN:127,(anonymous_15)
FN:128,(anonymous_16)
FN:132,(anonymous_17)
FN:144,(anonymous_18)
FN:160,(anonymous_19)
FN:167,(anonymous_20)
FN:177,(anonymous_21)
FN:178,(anonymous_22)
FN:183,(anonymous_23)
FN:195,(anonymous_24)
FN:212,(anonymous_25)
FN:219,(anonymous_26)
FN:229,(anonymous_27)
FN:230,(anonymous_28)
FN:235,(anonymous_29)
FN:247,(anonymous_30)
FNF:31
FNH:26
FNDA:4,(anonymous_0)
FNDA:0,(anonymous_1)
FNDA:1,(anonymous_2)
FNDA:0,(anonymous_3)
FNDA:0,(anonymous_4)
FNDA:0,(anonymous_5)
FNDA:0,(anonymous_6)
FNDA:1,(anonymous_7)
FNDA:2,(anonymous_8)
FNDA:1,(anonymous_9)
FNDA:1,(anonymous_10)
FNDA:5,(anonymous_11)
FNDA:1,(anonymous_12)
FNDA:1,(anonymous_13)
FNDA:2,(anonymous_14)
FNDA:1,(anonymous_15)
FNDA:1,(anonymous_16)
FNDA:5,(anonymous_17)
FNDA:1,(anonymous_18)
FNDA:1,(anonymous_19)
FNDA:2,(anonymous_20)
FNDA:1,(anonymous_21)
FNDA:1,(anonymous_22)
FNDA:5,(anonymous_23)
FNDA:1,(anonymous_24)
FNDA:1,(anonymous_25)
FNDA:2,(anonymous_26)
FNDA:1,(anonymous_27)
FNDA:1,(anonymous_28)
FNDA:5,(anonymous_29)
FNDA:1,(anonymous_30)
DA:9,1
DA:16,4
DA:20,0
DA:22,0
DA:24,0
DA:26,0
DA:28,0
DA:36,1
DA:37,0
DA:40,1
DA:59,1
DA:61,1
DA:68,2
DA:70,2
DA:78,1
DA:79,1
DA:80,1
DA:82,1
DA:83,5
DA:86,1
DA:95,1
DA:96,1
DA:98,1
DA:99,5
DA:102,1
DA:109,1
DA:111,1
DA:118,2
DA:120,2
DA:128,1
DA:129,1
DA:130,1
DA:132,1
DA:133,5
DA:136,1
DA:145,1
DA:146,1
DA:148,1
DA:149,5
DA:152,1
DA:159,1
DA:161,1
DA:168,2
DA:170,2
DA:178,1
DA:179,1
DA:181,1
DA:183,1
DA:184,5
DA:187,1
DA:196,1
DA:198,1
DA:200,1
DA:201,5
DA:204,1
DA:211,1
DA:213,1
DA:220,2
DA:222,2
DA:230,1
DA:231,1
DA:233,1
DA:235,1
DA:236,5
DA:239,1
DA:248,1
DA:250,1
DA:252,1
DA:253,5
DA:256,1
LF:70
LH:64
BRDA:36,0,0,0
BRDA:36,0,1,1
BRF:2
BRH:1
end_of_record
